<testsuite failures="0" tests="14" errors="0" skipped="1" time="3.7"><properties />
  <testcase name="TEST1()" classname="com.example.BBB.TEST" time="1.353" />
  <testcase name="TEST2()" classname="com.example.BBB.TEST" time="0.128" />
  <testcase name="TEST3()" classname="com.example.BBB.TEST" time="0.006" />
  <testcase name="TEST4()" classname="com.example.BBB.TEST" time="0.057" />
  <testcase name="TEST5()" classname="com.example.BBB.TEST" time="0.006" />
  <testcase name="TEST6()" classname="com.example.BBB.TEST" time="0.029" />
  <testcase name="TEST7()" classname="com.example.BBB.TEST" time="0.053" />
  <testcase name="TEST8()" classname="com.example.BBB.TEST" time="0.009" />
  <testcase name="TEST9()" classname="com.example.BBB.TEST" time="0.018" />
  <testcase name="TEST10()" classname="com.example.BBB.TEST" time="0.042" />
  <testcase name="TEST11()" classname="com.example.BBB.TEST" time="0.085" />
  <testcase name="TEST12()" classname="com.example.BBB.TEST" time="0.005" />
  <testcase name="TEST13()" classname="com.example.BBB.TEST" time="0.001">
    <skipped />
  </testcase>
  <system-out />
  <system-err />
<skipped />
  <properties />
  <testcase name="testNotificationNok()" classname="com.example.AAA.Test" time="1.789" />
  <system-out />
  <system-err />
</testsuite>